<?xml version="1.0" encoding="utf-8"?><testsuites name="pytest tests"><testsuite name="pytest" errors="0" failures="0" skipped="0" tests="5" time="2.572" timestamp="2026-07-08T19:41:51.920946+00:00" hostname="agent-env-3f530132-2f7a-42fe-9e3d-34ef6529a020"><testcase classname="backend.tests.test_nota_seguimiento_retest_bug.TestNotaSeguimientoRetestBug" name="test_1_vuln_starts_in_en_retest_view" time="1.057" /><testcase classname="backend.tests.test_nota_seguimiento_retest_bug.TestNotaSeguimientoRetestBug" name="test_2_adding_nota_seguimiento_does_not_change_resultado_re_test" time="0.236" /><testcase classname="backend.tests.test_nota_seguimiento_retest_bug.TestNotaSeguimientoRetestBug" name="test_3_vuln_still_appears_in_en_retest_view" time="0.274" /><testcase classname="backend.tests.test_nota_seguimiento_retest_bug.TestNotaSeguimientoRetestBug" name="test_4_multiple_notes_still_keep_vuln_in_en_retest" time="0.534" /><testcase classname="backend.tests.test_nota_seguimiento_retest_bug.TestNotaSeguimientoRetestBug" name="test_5_changing_to_vulnerable_does_update_resultado_re_test" time="0.357" /></testsuite></testsuites>