<?xml version="1.0" encoding="utf-8"?><testsuites name="pytest tests"><testsuite name="pytest" errors="0" failures="0" skipped="0" tests="11" time="2.714" timestamp="2026-05-13T12:55:17.333743+00:00" hostname="agent-env-3f530132-2f7a-42fe-9e3d-34ef6529a020"><testcase classname="backend.tests.test_iteration11_features.TestVistaComiteMixedView" name="test_vista_comite_accepts_informes_adicionales_param" time="1.417" /><testcase classname="backend.tests.test_iteration11_features.TestVistaComiteMixedView" name="test_vista_comite_mixed_view_contains_both_types" time="0.139" /><testcase classname="backend.tests.test_iteration11_features.TestVistaComiteMixedView" name="test_vista_comite_grupo_row_has_informes_incluidos" time="0.137" /><testcase classname="backend.tests.test_iteration11_features.TestVistaComiteMixedView" name="test_vista_comite_individual_row_has_empty_informes_incluidos" time="0.118" /><testcase classname="backend.tests.test_iteration11_features.TestVistaComiteMixedView" name="test_vista_comite_only_informes_adicionales" time="0.113" /><testcase classname="backend.tests.test_iteration11_features.TestVulnerabilidadesMultipleInformes" name="test_vulnerabilidades_multiple_informe_pentest_params" time="0.267" /><testcase classname="backend.tests.test_iteration11_features.TestVulnerabilidadesMultipleInformes" name="test_vulnerabilidades_for_grupo_informes" time="0.120" /><testcase classname="backend.tests.test_iteration11_features.TestInformesSinGrupoEndpoint" name="test_informes_sin_grupo_requires_auth" time="0.103" /><testcase classname="backend.tests.test_iteration11_features.TestInformesSinGrupoEndpoint" name="test_informes_sin_grupo_returns_list" time="0.126" /><testcase classname="backend.tests.test_iteration11_features.TestInformesSinGrupoEndpoint" name="test_informes_sin_grupo_excludes_grouped" time="0.000" /><testcase classname="backend.tests.test_iteration11_features.TestVistaComiteDetailData" name="test_vista_comite_row_structure_for_detail" time="0.116" /></testsuite></testsuites>