<?xml version="1.0" encoding="utf-8"?><testsuites name="pytest tests"><testsuite name="pytest" errors="0" failures="0" skipped="0" tests="8" time="2.086" timestamp="2026-04-13T12:02:12.321840+00:00" hostname="agent-env-3f530132-2f7a-42fe-9e3d-34ef6529a020"><testcase classname="backend.tests.test_vista_comite.TestVistaComiteEndpoint" name="test_vista_comite_requires_auth" time="0.301" /><testcase classname="backend.tests.test_vista_comite.TestVistaComiteEndpoint" name="test_vista_comite_empty_informes_returns_empty" time="0.503" /><testcase classname="backend.tests.test_vista_comite.TestVistaComiteEndpoint" name="test_vista_comite_single_informe" time="0.240" /><testcase classname="backend.tests.test_vista_comite.TestVistaComiteEndpoint" name="test_vista_comite_multiple_informes" time="0.148" /><testcase classname="backend.tests.test_vista_comite.TestVistaComiteEndpoint" name="test_vista_comite_severidad_filter" time="0.223" /><testcase classname="backend.tests.test_vista_comite.TestVistaComiteEndpoint" name="test_vista_comite_responsable_field" time="0.107" /><testcase classname="backend.tests.test_vista_comite.TestVistaComiteEndpoint" name="test_vista_comite_totals_calculation" time="0.114" /><testcase classname="backend.tests.test_vista_comite.TestVistaComiteDataIntegrity" name="test_vista_comite_matches_vulnerabilidades" time="0.248" /></testsuite></testsuites>