<?xml version="1.0" encoding="utf-8"?><testsuites name="pytest tests"><testsuite name="pytest" errors="0" failures="0" skipped="0" tests="14" time="2.641" timestamp="2026-06-24T18:14:34.006071+00:00" hostname="agent-env-3f530132-2f7a-42fe-9e3d-34ef6529a020"><testcase classname="backend.tests.test_seguimiento_bitacora.TestSeguimientoAuth" name="test_registrar_requires_auth" time="0.645" /><testcase classname="backend.tests.test_seguimiento_bitacora.TestSeguimientoAuth" name="test_historial_requires_auth" time="0.133" /><testcase classname="backend.tests.test_seguimiento_bitacora.TestSeguimientoAuth" name="test_registrar_404_missing_vuln" time="0.163" /><testcase classname="backend.tests.test_seguimiento_bitacora.TestSeguimientoAuth" name="test_historial_404_missing_vuln" time="0.104" /><testcase classname="backend.tests.test_seguimiento_bitacora.TestSeguimientoFlow" name="test_initial_historial_empty" time="0.124" /><testcase classname="backend.tests.test_seguimiento_bitacora.TestSeguimientoFlow" name="test_registrar_pendiente_does_not_change_estatus_to_cerrado" time="0.113" /><testcase classname="backend.tests.test_seguimiento_bitacora.TestSeguimientoFlow" name="test_registrar_with_new_date_increments_counter" time="0.129" /><testcase classname="backend.tests.test_seguimiento_bitacora.TestSeguimientoFlow" name="test_registrar_same_date_does_not_increment" time="0.118" /><testcase classname="backend.tests.test_seguimiento_bitacora.TestSeguimientoFlow" name="test_registrar_corregido_sets_cerrado" time="0.145" /><testcase classname="backend.tests.test_seguimiento_bitacora.TestSeguimientoFlow" name="test_historial_ordered_desc_and_counters" time="0.129" /><testcase classname="backend.tests.test_seguimiento_bitacora.TestSeguimientoFlow" name="test_registrar_desestimado_sets_cerrado" time="0.102" /><testcase classname="backend.tests.test_seguimiento_bitacora.TestSeguimientoFlow" name="test_get_after_no_changes_persists" time="0.106" /><testcase classname="backend.tests.test_seguimiento_bitacora.TestSeguimientoNullArrayBug" name="test_get_historial_returns_500_when_array_is_null" time="0.224" /><testcase classname="backend.tests.test_seguimiento_bitacora.TestSeguimientoNullArrayBug" name="test_post_registrar_returns_500_when_array_is_null" time="0.315" /></testsuite></testsuites>