<?xml version="1.0" encoding="utf-8"?><testsuites name="pytest tests"><testsuite name="pytest" errors="0" failures="0" skipped="0" tests="9" time="5.880" timestamp="2026-05-27T13:09:06.740170+00:00" hostname="agent-env-3f530132-2f7a-42fe-9e3d-34ef6529a020"><testcase classname="backend.tests.test_vuln_grc_integration.TestVulnerabilidadesGRCIntegration" name="test_dominios_endpoint_returns_all_dominios" time="0.644" /><testcase classname="backend.tests.test_vuln_grc_integration.TestVulnerabilidadesGRCIntegration" name="test_controles_endpoint_returns_all_controles" time="0.591" /><testcase classname="backend.tests.test_vuln_grc_integration.TestVulnerabilidadesGRCIntegration" name="test_controles_filter_by_dominio" time="0.577" /><testcase classname="backend.tests.test_vuln_grc_integration.TestVulnerabilidadesGRCIntegration" name="test_catalogo_riesgos_all_endpoint" time="0.615" /><testcase classname="backend.tests.test_vuln_grc_integration.TestVulnerabilidadesGRCIntegration" name="test_create_vulnerabilidad_with_control_id" time="0.628" /><testcase classname="backend.tests.test_vuln_grc_integration.TestVulnerabilidadesGRCIntegration" name="test_create_vulnerabilidad_with_riesgo_id" time="0.636" /><testcase classname="backend.tests.test_vuln_grc_integration.TestVulnerabilidadesGRCIntegration" name="test_create_vulnerabilidad_with_both_control_and_riesgo" time="0.595" /><testcase classname="backend.tests.test_vuln_grc_integration.TestVulnerabilidadesGRCIntegration" name="test_update_vulnerabilidad_control_id" time="0.746" /><testcase classname="backend.tests.test_vuln_grc_integration.TestVulnerabilidadesGRCIntegration" name="test_update_vulnerabilidad_riesgo_id" time="0.796" /></testsuite></testsuites>