<?xml version="1.0" encoding="utf-8"?><testsuites name="pytest tests"><testsuite name="pytest" errors="0" failures="0" skipped="0" tests="13" time="3.987" timestamp="2026-03-11T16:41:06.824839+00:00" hostname="agent-env-3f530132-2f7a-42fe-9e3d-34ef6529a020"><testcase classname="backend.tests.test_nuevas_funcionalidades.TestInformesPentestCRUD" name="test_get_informes_pentest_list" time="0.573" /><testcase classname="backend.tests.test_nuevas_funcionalidades.TestInformesPentestCRUD" name="test_create_informe_pentest" time="0.288" /><testcase classname="backend.tests.test_nuevas_funcionalidades.TestInformesPentestCRUD" name="test_create_duplicate_informe_fails" time="0.248" /><testcase classname="backend.tests.test_nuevas_funcionalidades.TestInformesPentestCRUD" name="test_update_informe_pentest" time="0.298" /><testcase classname="backend.tests.test_nuevas_funcionalidades.TestInformesPentestCRUD" name="test_delete_informe_pentest" time="0.875" /><testcase classname="backend.tests.test_nuevas_funcionalidades.TestSeguimientoRiesgos" name="test_get_seguimiento_riesgos_list" time="0.138" /><testcase classname="backend.tests.test_nuevas_funcionalidades.TestSeguimientoRiesgos" name="test_get_seguimiento_riesgos_filter_vencidas" time="0.170" /><testcase classname="backend.tests.test_nuevas_funcionalidades.TestSeguimientoRiesgos" name="test_get_seguimiento_riesgos_filter_proximas" time="0.112" /><testcase classname="backend.tests.test_nuevas_funcionalidades.TestSeguimientoRiesgos" name="test_get_seguimiento_resumen" time="0.135" /><testcase classname="backend.tests.test_nuevas_funcionalidades.TestFiltroAplicacion" name="test_get_dropdown_options_includes_aplicaciones" time="0.142" /><testcase classname="backend.tests.test_nuevas_funcionalidades.TestFiltroAplicacion" name="test_get_dropdown_options_includes_informes_pentest" time="0.138" /><testcase classname="backend.tests.test_nuevas_funcionalidades.TestFiltroAplicacion" name="test_filter_vulnerabilidades_by_aplicacion" time="0.248" /><testcase classname="backend.tests.test_nuevas_funcionalidades.TestCleanup" name="test_cleanup_test_informes" time="0.557" /></testsuite></testsuites>