<?xml version="1.0" encoding="utf-8"?><testsuites name="pytest tests"><testsuite name="pytest" errors="0" failures="0" skipped="0" tests="6" time="2.422" timestamp="2026-06-30T19:52:55.198946+00:00" hostname="agent-env-3f530132-2f7a-42fe-9e3d-34ef6529a020"><testcase classname="backend.tests.test_delete_justification.TestDeleteWithoutJustification" name="test_delete_vuln_without_justification_fails" time="0.705" /><testcase classname="backend.tests.test_delete_justification.TestDeleteWithoutJustification" name="test_delete_vuln_with_short_justification_fails" time="0.314" /><testcase classname="backend.tests.test_delete_justification.TestDeleteWithoutJustification" name="test_delete_vuln_with_valid_justification_succeeds" time="0.363" /><testcase classname="backend.tests.test_delete_justification.TestDeleteInstitutionWithoutJustification" name="test_delete_institucion_without_justification_fails" time="0.312" /><testcase classname="backend.tests.test_delete_justification.TestDeleteInstitutionWithoutJustification" name="test_delete_institucion_with_valid_justification_succeeds" time="0.355" /><testcase classname="backend.tests.test_delete_justification.TestAuditLogRegistration" name="test_deletion_creates_audit_entry" time="0.323" /></testsuite></testsuites>