<?xml version="1.0" encoding="utf-8"?><testsuites name="pytest tests"><testsuite name="pytest" errors="0" failures="0" skipped="0" tests="14" time="3.363" timestamp="2026-04-21T13:19:46.004642+00:00" hostname="agent-env-3f530132-2f7a-42fe-9e3d-34ef6529a020"><testcase classname="backend.tests.test_responsables.TestResponsablesEndpoints" name="test_get_responsables_requires_auth" time="0.226" /><testcase classname="backend.tests.test_responsables.TestResponsablesEndpoints" name="test_get_responsables_list" time="0.529" /><testcase classname="backend.tests.test_responsables.TestResponsablesEndpoints" name="test_create_responsable_requires_auth" time="0.116" /><testcase classname="backend.tests.test_responsables.TestResponsablesEndpoints" name="test_create_responsable_success" time="0.125" /><testcase classname="backend.tests.test_responsables.TestResponsablesEndpoints" name="test_create_responsable_without_email" time="0.306" /><testcase classname="backend.tests.test_responsables.TestResponsablesEndpoints" name="test_create_responsable_duplicate_name" time="0.297" /><testcase classname="backend.tests.test_responsables.TestResponsablesEndpoints" name="test_update_responsable_requires_auth" time="0.104" /><testcase classname="backend.tests.test_responsables.TestResponsablesEndpoints" name="test_update_responsable_success" time="0.116" /><testcase classname="backend.tests.test_responsables.TestResponsablesEndpoints" name="test_update_responsable_not_found" time="0.103" /><testcase classname="backend.tests.test_responsables.TestResponsablesEndpoints" name="test_delete_responsable_requires_auth" time="0.112" /><testcase classname="backend.tests.test_responsables.TestResponsablesEndpoints" name="test_delete_responsable_not_found" time="0.141" /><testcase classname="backend.tests.test_responsables.TestResponsablesEndpoints" name="test_delete_responsable_success" time="0.245" /><testcase classname="backend.tests.test_responsables.TestDropdownOptionsResponsables" name="test_dropdown_options_includes_responsables" time="0.181" /><testcase classname="backend.tests.test_responsables.TestResponsableCascadeUpdate" name="test_cascade_update_on_name_change" time="0.640" /></testsuite></testsuites>