<?xml version="1.0" encoding="utf-8"?><testsuites name="pytest tests"><testsuite name="pytest" errors="0" failures="0" skipped="0" tests="31" time="7.812" timestamp="2026-05-27T12:47:05.344082+00:00" hostname="agent-env-3f530132-2f7a-42fe-9e3d-34ef6529a020"><testcase classname="backend.tests.test_grc_modules.TestAuth" name="test_login_success" time="0.398" /><testcase classname="backend.tests.test_grc_modules.TestDominios" name="test_get_dominios_requires_auth" time="0.166" /><testcase classname="backend.tests.test_grc_modules.TestDominios" name="test_get_dominios_success" time="0.469" /><testcase classname="backend.tests.test_grc_modules.TestDominios" name="test_create_dominio_success" time="0.110" /><testcase classname="backend.tests.test_grc_modules.TestDominios" name="test_get_dominio_by_id" time="0.107" /><testcase classname="backend.tests.test_grc_modules.TestDominios" name="test_update_dominio_success" time="0.281" /><testcase classname="backend.tests.test_grc_modules.TestDominios" name="test_delete_dominio_success" time="0.233" /><testcase classname="backend.tests.test_grc_modules.TestControles" name="test_get_controles_requires_auth" time="0.100" /><testcase classname="backend.tests.test_grc_modules.TestControles" name="test_get_controles_success" time="0.458" /><testcase classname="backend.tests.test_grc_modules.TestControles" name="test_create_control_success" time="0.252" /><testcase classname="backend.tests.test_grc_modules.TestControles" name="test_get_controles_filtered_by_dominio" time="0.111" /><testcase classname="backend.tests.test_grc_modules.TestControles" name="test_update_control_success" time="0.116" /><testcase classname="backend.tests.test_grc_modules.TestControles" name="test_delete_control_success" time="0.329" /><testcase classname="backend.tests.test_grc_modules.TestCatalogoRiesgos" name="test_get_riesgos_requires_auth" time="0.104" /><testcase classname="backend.tests.test_grc_modules.TestCatalogoRiesgos" name="test_get_riesgos_success" time="0.446" /><testcase classname="backend.tests.test_grc_modules.TestCatalogoRiesgos" name="test_get_all_riesgos_success" time="0.116" /><testcase classname="backend.tests.test_grc_modules.TestCatalogoRiesgos" name="test_create_riesgo_success" time="0.129" /><testcase classname="backend.tests.test_grc_modules.TestCatalogoRiesgos" name="test_search_riesgos" time="0.160" /><testcase classname="backend.tests.test_grc_modules.TestCatalogoRiesgos" name="test_update_riesgo_success" time="0.106" /><testcase classname="backend.tests.test_grc_modules.TestCatalogoRiesgos" name="test_delete_riesgo_success" time="0.229" /><testcase classname="backend.tests.test_grc_modules.TestHallazgosAuditoria" name="test_get_hallazgos_requires_auth" time="0.113" /><testcase classname="backend.tests.test_grc_modules.TestHallazgosAuditoria" name="test_get_hallazgos_success" time="0.515" /><testcase classname="backend.tests.test_grc_modules.TestHallazgosAuditoria" name="test_get_hallazgos_stats" time="0.124" /><testcase classname="backend.tests.test_grc_modules.TestHallazgosAuditoria" name="test_get_next_codigo" time="0.114" /><testcase classname="backend.tests.test_grc_modules.TestHallazgosAuditoria" name="test_create_hallazgo_success" time="0.460" /><testcase classname="backend.tests.test_grc_modules.TestHallazgosAuditoria" name="test_get_hallazgo_by_id" time="0.108" /><testcase classname="backend.tests.test_grc_modules.TestHallazgosAuditoria" name="test_update_hallazgo_success" time="0.112" /><testcase classname="backend.tests.test_grc_modules.TestHallazgosAuditoria" name="test_filter_hallazgos_by_estado" time="0.112" /><testcase classname="backend.tests.test_grc_modules.TestHallazgosAuditoria" name="test_delete_hallazgo_success" time="0.587" /><testcase classname="backend.tests.test_grc_modules.TestRiesgoInherenteCalculation" name="test_riesgo_inherente_on_create" time="0.569" /><testcase classname="backend.tests.test_grc_modules.TestRiesgoInherenteCalculation" name="test_riesgo_inherente_on_update" time="0.347" /></testsuite></testsuites>