<?xml version="1.0" encoding="utf-8"?><testsuites name="pytest tests"><testsuite name="pytest" errors="0" failures="0" skipped="0" tests="13" time="4.426" timestamp="2026-06-19T13:56:47.129272+00:00" hostname="agent-env-3f530132-2f7a-42fe-9e3d-34ef6529a020"><testcase classname="backend.tests.test_vistas_comite_crud.TestVistasComiteCRUD" name="test_auth_required" time="0.211" /><testcase classname="backend.tests.test_vistas_comite_crud.TestVistasComiteCRUD" name="test_list_vistas" time="0.423" /><testcase classname="backend.tests.test_vistas_comite_crud.TestVistasComiteCRUD" name="test_create_vista" time="0.316" /><testcase classname="backend.tests.test_vistas_comite_crud.TestVistasComiteCRUD" name="test_create_duplicate_name_rejected" time="0.326" /><testcase classname="backend.tests.test_vistas_comite_crud.TestVistasComiteCRUD" name="test_get_vista_by_id" time="0.305" /><testcase classname="backend.tests.test_vistas_comite_crud.TestVistasComiteCRUD" name="test_get_vista_not_found" time="0.109" /><testcase classname="backend.tests.test_vistas_comite_crud.TestVistasComiteCRUD" name="test_update_vista_no_duplicate" time="0.628" /><testcase classname="backend.tests.test_vistas_comite_crud.TestVistasComiteCRUD" name="test_update_duplicate_name_rejected" time="0.515" /><testcase classname="backend.tests.test_vistas_comite_crud.TestVistasComiteCRUD" name="test_delete_vista" time="0.310" /><testcase classname="backend.tests.test_vistas_comite_crud.TestVistaComiteExcelExport" name="test_export_excel_returns_valid_xlsx" time="0.306" /><testcase classname="backend.tests.test_vistas_comite_crud.TestVistaComiteExcelExport" name="test_export_excel_has_9_columns_and_headers" time="0.333" /><testcase classname="backend.tests.test_vistas_comite_crud.TestVistaComiteExcelExport" name="test_export_excel_header_styles" time="0.320" /><testcase classname="backend.tests.test_vistas_comite_crud.TestVistaComiteExcelExport" name="test_export_excel_404_for_invalid_id" time="0.102" /></testsuite></testsuites>