<?xml version="1.0" encoding="utf-8"?><testsuites name="pytest tests"><testsuite name="pytest" errors="0" failures="0" skipped="0" tests="12" time="3.912" timestamp="2026-06-09T14:37:44.677205+00:00" hostname="agent-env-3f530132-2f7a-42fe-9e3d-34ef6529a020"><testcase classname="backend.tests.test_dashboard_grc.TestDashboardData" name="test_data_structure_no_filters" time="0.610" /><testcase classname="backend.tests.test_dashboard_grc.TestDashboardData" name="test_data_with_filters_query_params" time="0.186" /><testcase classname="backend.tests.test_dashboard_grc.TestDashboardData" name="test_data_with_dominio_filter" time="0.394" /><testcase classname="backend.tests.test_dashboard_grc.TestDashboardData" name="test_data_requires_auth" time="0.125" /><testcase classname="backend.tests.test_dashboard_grc.TestDashboardVistas" name="test_list_vistas_returns_array" time="0.118" /><testcase classname="backend.tests.test_dashboard_grc.TestDashboardVistas" name="test_create_vista_success" time="0.445" /><testcase classname="backend.tests.test_dashboard_grc.TestDashboardVistas" name="test_create_vista_duplicate_name_fails" time="0.376" /><testcase classname="backend.tests.test_dashboard_grc.TestDashboardVistas" name="test_create_vista_empty_name_fails" time="0.145" /><testcase classname="backend.tests.test_dashboard_grc.TestDashboardVistas" name="test_update_vista_via_post_with_id" time="0.443" /><testcase classname="backend.tests.test_dashboard_grc.TestDashboardVistas" name="test_create_public_vista_and_duplicate_public_fails" time="0.380" /><testcase classname="backend.tests.test_dashboard_grc.TestDashboardVistas" name="test_delete_vista_and_verify_removed" time="0.352" /><testcase classname="backend.tests.test_dashboard_grc.TestDashboardVistas" name="test_delete_nonexistent_vista_returns_404" time="0.151" /></testsuite></testsuites>