<?xml version="1.0" encoding="utf-8"?><testsuites name="pytest tests"><testsuite name="pytest" errors="0" failures="0" skipped="0" tests="14" time="7.785" timestamp="2026-05-28T19:36:52.195284+00:00" hostname="agent-env-3f530132-2f7a-42fe-9e3d-34ef6529a020"><testcase classname="backend.tests.test_hallazgos_nuevos_campos.TestHallazgosNuevosCampos" name="test_create_hallazgo_with_new_fields" time="0.846" /><testcase classname="backend.tests.test_hallazgos_nuevos_campos.TestHallazgosNuevosCampos" name="test_create_hallazgo_fecha_compromiso_before_fecha_hallazgo_fails" time="0.562" /><testcase classname="backend.tests.test_hallazgos_nuevos_campos.TestHallazgosNuevosCampos" name="test_update_hallazgo_fecha_compromiso_validation" time="0.770" /><testcase classname="backend.tests.test_hallazgos_nuevos_campos.TestHallazgosNuevosCampos" name="test_create_hallazgo_without_optional_dates" time="0.697" /><testcase classname="backend.tests.test_hallazgos_nuevos_campos.TestSeguimientoHallazgos" name="test_seguimiento_hallazgos_endpoint_exists" time="0.505" /><testcase classname="backend.tests.test_hallazgos_nuevos_campos.TestSeguimientoHallazgos" name="test_seguimiento_hallazgos_resumen_endpoint" time="0.462" /><testcase classname="backend.tests.test_hallazgos_nuevos_campos.TestSeguimientoHallazgos" name="test_seguimiento_hallazgos_filter_by_responsable" time="0.442" /><testcase classname="backend.tests.test_hallazgos_nuevos_campos.TestSeguimientoHallazgos" name="test_seguimiento_hallazgos_filter_by_tipo_fecha" time="0.618" /><testcase classname="backend.tests.test_hallazgos_nuevos_campos.TestSeguimientoHallazgos" name="test_seguimiento_hallazgos_filter_by_filtro_vencidas" time="0.466" /><testcase classname="backend.tests.test_hallazgos_nuevos_campos.TestSeguimientoHallazgos" name="test_seguimiento_hallazgos_filter_by_filtro_critico" time="0.466" /><testcase classname="backend.tests.test_hallazgos_nuevos_campos.TestSeguimientoVulnerabilidades" name="test_seguimiento_vulnerabilidades_endpoint_exists" time="0.477" /><testcase classname="backend.tests.test_hallazgos_nuevos_campos.TestSeguimientoVulnerabilidades" name="test_seguimiento_vulnerabilidades_resumen_endpoint" time="0.436" /><testcase classname="backend.tests.test_hallazgos_nuevos_campos.TestResponsablesEndpoint" name="test_responsables_endpoint_exists" time="0.466" /><testcase classname="backend.tests.test_hallazgos_nuevos_campos.TestHallazgosTableColumns" name="test_hallazgos_list_returns_new_fields" time="0.496" /></testsuite></testsuites>