<?xml version="1.0" encoding="utf-8"?><testsuites name="pytest tests"><testsuite name="pytest" errors="0" failures="1" skipped="0" tests="10" time="2.594" timestamp="2026-07-21T14:53:07.493211+00:00" hostname="agent-env-3f530132-2f7a-42fe-9e3d-34ef6529a020"><testcase classname="backend.tests.test_iteration33_remediacion_parcial" name="test_login_ok" time="0.612" /><testcase classname="backend.tests.test_iteration33_remediacion_parcial" name="test_registrar_seguimiento_general_sin_aplicacion" time="0.151" /><testcase classname="backend.tests.test_iteration33_remediacion_parcial" name="test_registrar_seguimiento_con_aplicacion_especifica" time="0.125" /><testcase classname="backend.tests.test_iteration33_remediacion_parcial" name="test_registrar_seguimiento_en_retest_still_works" time="0.131" /><testcase classname="backend.tests.test_iteration33_remediacion_parcial" name="test_filter_correccion_parcial_true_returns_only_partial" time="0.237" /><testcase classname="backend.tests.test_iteration33_remediacion_parcial" name="test_filter_correccion_parcial_false_excludes_partial" time="0.311" /><testcase classname="backend.tests.test_iteration33_remediacion_parcial" name="test_filter_correccion_parcial_no_filter_returns_all_flagged" time="0.081"><failure message="AssertionError: es_correccion_parcial is NOT returned in list. The endpoint /api/vulnerabilidades uses response_model=List[Vulnerabilidad] which strips this computed field. Frontend cannot display the 'partial correction' flag without an extra call to /aplicaciones-resultados per row.&#10;assert 'es_correccion_parcial' in {'aplicaciones': [], 'aplicaciones_resultados': None, 'codigo': 'VULN_VERIFY_BACKEND_1784557662', 'codigo_control': None, ...}">backend/tests/test_iteration33_remediacion_parcial.py:181: in test_filter_correccion_parcial_no_filter_returns_all_flagged
    assert "es_correccion_parcial" in data[0], (
E   AssertionError: es_correccion_parcial is NOT returned in list. The endpoint /api/vulnerabilidades uses response_model=List[Vulnerabilidad] which strips this computed field. Frontend cannot display the 'partial correction' flag without an extra call to /aplicaciones-resultados per row.
E   assert 'es_correccion_parcial' in {'aplicaciones': [], 'aplicaciones_resultados': None, 'codigo': 'VULN_VERIFY_BACKEND_1784557662', 'codigo_control': None, ...}</failure></testcase><testcase classname="backend.tests.test_iteration33_remediacion_parcial" name="test_update_aplicacion_resultado_actualiza_solo_esa_app" time="0.130" /><testcase classname="backend.tests.test_iteration33_remediacion_parcial" name="test_correccion_parcial_flag_updates_after_partial_fix" time="0.062" /><testcase classname="backend.tests.test_iteration33_remediacion_parcial" name="test_export_excel_incluye_columnas_por_aplicacion" time="0.446" /></testsuite></testsuites>