<?xml version="1.0" encoding="utf-8"?><testsuites name="pytest tests"><testsuite name="pytest" errors="0" failures="0" skipped="0" tests="9" time="1.805" timestamp="2026-07-23T13:10:15.085176+00:00" hostname="agent-env-3f530132-2f7a-42fe-9e3d-34ef6529a020"><testcase classname="backend.tests.test_import_pdf_pentraze.TestExtractRulesEndpoint" name="test_success_flag" time="1.149" /><testcase classname="backend.tests.test_import_pdf_pentraze.TestExtractRulesEndpoint" name="test_total_five_vulnerabilities" time="0.000" /><testcase classname="backend.tests.test_import_pdf_pentraze.TestExtractRulesEndpoint" name="test_metadata_fields" time="0.000" /><testcase classname="backend.tests.test_import_pdf_pentraze.TestExtractRulesEndpoint" name="test_vulnerabilities_have_required_fields" time="0.000" /><testcase classname="backend.tests.test_import_pdf_pentraze.TestExtractRulesEndpoint" name="test_severity_and_nivel_riesgo_mapping" time="0.000" /><testcase classname="backend.tests.test_import_pdf_pentraze.TestExtractRulesEndpoint" name="test_zero_day_vulnerability_present" time="0.000" /><testcase classname="backend.tests.test_import_pdf_pentraze.TestExtractRulesEndpoint" name="test_descripcion_and_recomendaciones_non_empty" time="0.000" /><testcase classname="backend.tests.test_import_pdf_pentraze.TestExtractRulesErrorCases" name="test_requires_auth" time="0.411" /><testcase classname="backend.tests.test_import_pdf_pentraze.TestExtractRulesErrorCases" name="test_rejects_non_pdf" time="0.141" /></testsuite></testsuites>