<?xml version="1.0" encoding="utf-8"?><testsuites name="pytest tests"><testsuite name="pytest" errors="0" failures="0" skipped="0" tests="17" time="3.855" timestamp="2026-05-13T13:04:26.006889+00:00" hostname="agent-env-3f530132-2f7a-42fe-9e3d-34ef6529a020"><testcase classname="backend.tests.test_vistas_guardadas.TestVistasGuardadasAuth" name="test_get_vistas_requires_auth" time="0.172" /><testcase classname="backend.tests.test_vistas_guardadas.TestVistasGuardadasAuth" name="test_post_vistas_requires_auth" time="0.129" /><testcase classname="backend.tests.test_vistas_guardadas.TestVistasGuardadasAuth" name="test_delete_vistas_requires_auth" time="0.127" /><testcase classname="backend.tests.test_vistas_guardadas.TestVistasGuardadasCRUD" name="test_get_vistas_guardadas_list" time="0.478" /><testcase classname="backend.tests.test_vistas_guardadas.TestVistasGuardadasCRUD" name="test_create_vista_guardada_individual_mode" time="0.279" /><testcase classname="backend.tests.test_vistas_guardadas.TestVistasGuardadasCRUD" name="test_create_vista_guardada_group_mode" time="0.347" /><testcase classname="backend.tests.test_vistas_guardadas.TestVistasGuardadasCRUD" name="test_create_vista_duplicate_name_rejected" time="0.397" /><testcase classname="backend.tests.test_vistas_guardadas.TestVistasGuardadasCRUD" name="test_update_vista_guardada" time="0.382" /><testcase classname="backend.tests.test_vistas_guardadas.TestVistasGuardadasCRUD" name="test_update_nonexistent_vista_returns_404" time="0.117" /><testcase classname="backend.tests.test_vistas_guardadas.TestVistasGuardadasCRUD" name="test_delete_vista_guardada" time="0.355" /><testcase classname="backend.tests.test_vistas_guardadas.TestVistasGuardadasCRUD" name="test_delete_nonexistent_vista_returns_404" time="0.121" /><testcase classname="backend.tests.test_vistas_guardadas.TestVistasGuardadasDataStructure" name="test_vista_contains_all_required_fields" time="0.223" /><testcase classname="backend.tests.test_vistas_guardadas.TestVistasGuardadasDataStructure" name="test_existing_vista_comite_q4_2024" time="0.103" /><testcase classname="backend.tests.test_vistas_guardadas.TestHistorialAuditoria" name="test_get_historial_requires_auth" time="0.101" /><testcase classname="backend.tests.test_vistas_guardadas.TestHistorialAuditoria" name="test_get_historial_returns_data" time="0.110" /><testcase classname="backend.tests.test_vistas_guardadas.TestHistorialAuditoria" name="test_historial_with_filters" time="0.115" /><testcase classname="backend.tests.test_vistas_guardadas.TestHistorialAuditoria" name="test_historial_pagination" time="0.227" /></testsuite></testsuites>