<?xml version="1.0" encoding="utf-8"?><testsuites name="pytest tests"><testsuite name="pytest" errors="0" failures="0" skipped="0" tests="16" time="8.851" timestamp="2026-06-02T15:42:30.983977+00:00" hostname="agent-env-3f530132-2f7a-42fe-9e3d-34ef6529a020"><testcase classname="backend.tests.test_iteration19_filters.TestVulnerabilidadesFilters" name="test_vulnerabilidades_single_year_filter" time="0.534" /><testcase classname="backend.tests.test_iteration19_filters.TestVulnerabilidadesFilters" name="test_vulnerabilidades_multi_year_filter" time="0.731" /><testcase classname="backend.tests.test_iteration19_filters.TestVulnerabilidadesFilters" name="test_vulnerabilidades_dominio_filter" time="0.616" /><testcase classname="backend.tests.test_iteration19_filters.TestVulnerabilidadesFilters" name="test_vulnerabilidades_control_filter" time="0.578" /><testcase classname="backend.tests.test_iteration19_filters.TestVulnerabilidadesFilters" name="test_vulnerabilidades_combined_filters" time="0.462" /><testcase classname="backend.tests.test_iteration19_filters.TestHallazgosFilters" name="test_hallazgos_single_year_filter" time="0.454" /><testcase classname="backend.tests.test_iteration19_filters.TestHallazgosFilters" name="test_hallazgos_multi_year_filter" time="0.521" /><testcase classname="backend.tests.test_iteration19_filters.TestHallazgosFilters" name="test_hallazgos_responsable_filter" time="0.610" /><testcase classname="backend.tests.test_iteration19_filters.TestHallazgosFilters" name="test_hallazgos_multi_responsable_filter" time="0.592" /><testcase classname="backend.tests.test_iteration19_filters.TestHallazgosFilters" name="test_hallazgos_dominio_filter" time="0.681" /><testcase classname="backend.tests.test_iteration19_filters.TestHallazgosFilters" name="test_hallazgos_control_filter" time="0.600" /><testcase classname="backend.tests.test_iteration19_filters.TestHallazgosFilters" name="test_hallazgos_combined_filters" time="0.471" /><testcase classname="backend.tests.test_iteration19_filters.TestDropdownOptions" name="test_dropdown_options_has_years" time="0.464" /><testcase classname="backend.tests.test_iteration19_filters.TestDropdownOptions" name="test_dropdown_options_has_responsables" time="0.433" /><testcase classname="backend.tests.test_iteration19_filters.TestDropdownOptions" name="test_dominios_endpoint" time="0.480" /><testcase classname="backend.tests.test_iteration19_filters.TestDropdownOptions" name="test_controles_endpoint" time="0.495" /></testsuite></testsuites>