<?xml version="1.0" encoding="utf-8"?><testsuites name="pytest tests"><testsuite name="pytest" errors="0" failures="0" skipped="0" tests="16" time="7.352" timestamp="2026-03-11T16:25:40.542954+00:00" hostname="agent-env-3f530132-2f7a-42fe-9e3d-34ef6529a020"><testcase classname="backend.tests.test_proveedores.TestProveedoresAPI" name="test_get_proveedores_list" time="0.678" /><testcase classname="backend.tests.test_proveedores.TestProveedoresAPI" name="test_get_proveedores_structure" time="0.446" /><testcase classname="backend.tests.test_proveedores.TestProveedoresAPI" name="test_create_proveedor" time="0.581" /><testcase classname="backend.tests.test_proveedores.TestProveedoresAPI" name="test_create_duplicate_proveedor_fails" time="0.532" /><testcase classname="backend.tests.test_proveedores.TestProveedoresAPI" name="test_update_proveedor" time="0.592" /><testcase classname="backend.tests.test_proveedores.TestProveedoresAPI" name="test_update_proveedor_activo_status" time="0.638" /><testcase classname="backend.tests.test_proveedores.TestProveedoresAPI" name="test_delete_proveedor" time="0.565" /><testcase classname="backend.tests.test_proveedores.TestProveedoresAPI" name="test_delete_nonexistent_proveedor" time="0.397" /><testcase classname="backend.tests.test_proveedores.TestProveedoresAPI" name="test_update_nonexistent_proveedor" time="0.439" /><testcase classname="backend.tests.test_proveedores.TestDropdownOptionsWithProveedores" name="test_dropdown_options_includes_proveedores" time="0.118" /><testcase classname="backend.tests.test_proveedores.TestDropdownOptionsWithProveedores" name="test_dropdown_options_proveedores_from_catalog" time="0.121" /><testcase classname="backend.tests.test_proveedores.TestDropdownOptionsWithProveedores" name="test_dropdown_options_all_fields_present" time="0.190" /><testcase classname="backend.tests.test_proveedores.TestVulnerabilidadesProveedorFilter" name="test_filter_vulnerabilidades_by_proveedor" time="0.407" /><testcase classname="backend.tests.test_proveedores.TestVulnerabilidadesProveedorFilter" name="test_filter_vulnerabilidades_by_year" time="0.417" /><testcase classname="backend.tests.test_proveedores.TestVulnerabilidadesProveedorField" name="test_create_vulnerability_with_proveedor" time="0.618" /><testcase classname="backend.tests.test_proveedores.TestVulnerabilidadesProveedorField" name="test_update_vulnerability_proveedor" time="0.533" /></testsuite></testsuites>