<?xml version="1.0" encoding="utf-8"?><testsuites name="pytest tests"><testsuite name="pytest" errors="0" failures="0" skipped="0" tests="8" time="2.998" timestamp="2026-06-08T19:49:54.946442+00:00" hostname="agent-env-3f530132-2f7a-42fe-9e3d-34ef6529a020"><testcase classname="backend.tests.test_duplicate_detection.TestDuplicateDetectionEndpoint" name="test_detect_existing_duplicate" time="0.737" /><testcase classname="backend.tests.test_duplicate_detection.TestDuplicateDetectionEndpoint" name="test_no_duplicate_for_new_vulnerability" time="0.178" /><testcase classname="backend.tests.test_duplicate_detection.TestDuplicateDetectionEndpoint" name="test_duplicate_check_with_null_aplicaciones" time="0.303" /><testcase classname="backend.tests.test_duplicate_detection.TestDuplicateDetectionEndpoint" name="test_duplicate_check_case_insensitive" time="0.302" /><testcase classname="backend.tests.test_duplicate_detection.TestDuplicateDetectionEndpoint" name="test_duplicate_check_with_exclude_id" time="0.291" /><testcase classname="backend.tests.test_duplicate_detection.TestExcelImportDuplicateSkipping" name="test_import_excel_skips_duplicates" time="0.350" /><testcase classname="backend.tests.test_duplicate_detection.TestExcelImportDuplicateSkipping" name="test_import_excel_response_structure" time="0.386" /><testcase classname="backend.tests.test_duplicate_detection.TestSpecificDuplicateScenario" name="test_open_smtp_relay_duplicate" time="0.135" /></testsuite></testsuites>