<?xml version="1.0" encoding="utf-8"?><testsuites name="pytest tests"><testsuite name="pytest" errors="0" failures="0" skipped="0" tests="14" time="4.048" timestamp="2026-05-27T13:31:21.292172+00:00" hostname="agent-env-3f530132-2f7a-42fe-9e3d-34ef6529a020"><testcase classname="tests.test_grc_auditoria_import.TestCatalogoRiesgosTemplateAndImport" name="test_download_template_returns_excel" time="0.557" /><testcase classname="tests.test_grc_auditoria_import.TestCatalogoRiesgosTemplateAndImport" name="test_import_excel_endpoint_exists" time="0.123" /><testcase classname="tests.test_grc_auditoria_import.TestCatalogoRiesgosTemplateAndImport" name="test_import_rejects_non_excel" time="0.117" /><testcase classname="tests.test_grc_auditoria_import.TestHallazgosAuditoriaTemplateAndImport" name="test_download_template_returns_excel" time="0.505" /><testcase classname="tests.test_grc_auditoria_import.TestHallazgosAuditoriaTemplateAndImport" name="test_import_excel_endpoint_exists" time="0.106" /><testcase classname="tests.test_grc_auditoria_import.TestHallazgosAuditoriaTemplateAndImport" name="test_import_rejects_non_excel" time="0.124" /><testcase classname="tests.test_grc_auditoria_import.TestAuditoriaGRCFilters" name="test_historial_endpoint_exists" time="0.491" /><testcase classname="tests.test_grc_auditoria_import.TestAuditoriaGRCFilters" name="test_filter_by_dominio_entity" time="0.120" /><testcase classname="tests.test_grc_auditoria_import.TestAuditoriaGRCFilters" name="test_filter_by_control_entity" time="0.144" /><testcase classname="tests.test_grc_auditoria_import.TestAuditoriaGRCFilters" name="test_filter_by_catalogo_riesgo_entity" time="0.172" /><testcase classname="tests.test_grc_auditoria_import.TestAuditoriaGRCFilters" name="test_filter_by_hallazgo_auditoria_entity" time="0.112" /><testcase classname="tests.test_grc_auditoria_import.TestGRCModulesAuditLogging" name="test_create_dominio_creates_audit_log" time="0.692" /><testcase classname="tests.test_grc_auditoria_import.TestGRCModulesAuditLogging" name="test_create_riesgo_catalogo_creates_audit_log" time="0.350" /><testcase classname="tests.test_grc_auditoria_import.TestGRCModulesAuditLogging" name="test_create_hallazgo_creates_audit_log" time="0.377" /></testsuite></testsuites>