<?xml version="1.0" encoding="utf-8"?><testsuites name="pytest tests"><testsuite name="pytest" errors="0" failures="0" skipped="0" tests="6" time="1.932" timestamp="2026-07-06T14:10:20.712541+00:00" hostname="agent-env-3f530132-2f7a-42fe-9e3d-34ef6529a020"><testcase classname="backend.tests.test_pivot_data.TestDashboardDataPivot" name="test_dashboard_data_status" time="0.695" /><testcase classname="backend.tests.test_pivot_data.TestDashboardDataPivot" name="test_dashboard_data_has_pivot_keys" time="0.225" /><testcase classname="backend.tests.test_pivot_data.TestDashboardDataPivot" name="test_datos_vulnerabilidades_has_pentest_fields" time="0.265" /><testcase classname="backend.tests.test_pivot_data.TestDashboardDataPivot" name="test_datos_hallazgos_has_audit_fields" time="0.218" /><testcase classname="backend.tests.test_pivot_data.TestDashboardDataPivot" name="test_datos_are_separate_not_mixed" time="0.248" /><testcase classname="backend.tests.test_pivot_data.TestDashboardDataPivot" name="test_dashboard_data_other_keys_present" time="0.183" /></testsuite></testsuites>