<?xml version="1.0" encoding="utf-8"?><testsuites name="pytest tests"><testsuite name="pytest" errors="0" failures="0" skipped="0" tests="17" time="8.526" timestamp="2026-05-13T12:36:29.355333+00:00" hostname="agent-env-3f530132-2f7a-42fe-9e3d-34ef6529a020"><testcase classname="tests.test_grupos_informes.TestGruposInformesAuth" name="test_get_grupos_requires_auth" time="0.159" /><testcase classname="tests.test_grupos_informes.TestGruposInformesAuth" name="test_post_grupos_requires_auth" time="0.113" /><testcase classname="tests.test_grupos_informes.TestGruposInformesAuth" name="test_informes_sin_grupo_requires_auth" time="0.114" /><testcase classname="tests.test_grupos_informes.TestGruposInformesCRUD" name="test_get_grupos_informes" time="0.477" /><testcase classname="tests.test_grupos_informes.TestGruposInformesCRUD" name="test_create_grupo_informes" time="0.567" /><testcase classname="tests.test_grupos_informes.TestGruposInformesCRUD" name="test_create_grupo_with_informes" time="0.649" /><testcase classname="tests.test_grupos_informes.TestGruposInformesCRUD" name="test_create_duplicate_grupo_fails" time="0.679" /><testcase classname="tests.test_grupos_informes.TestGruposInformesCRUD" name="test_update_grupo_informes" time="0.668" /><testcase classname="tests.test_grupos_informes.TestGruposInformesCRUD" name="test_update_nonexistent_grupo_fails" time="0.435" /><testcase classname="tests.test_grupos_informes.TestGruposInformesCRUD" name="test_delete_grupo_informes" time="0.684" /><testcase classname="tests.test_grupos_informes.TestGruposInformesCRUD" name="test_delete_nonexistent_grupo_fails" time="0.439" /><testcase classname="tests.test_grupos_informes.TestInformesSinGrupo" name="test_get_informes_sin_grupo" time="0.460" /><testcase classname="tests.test_grupos_informes.TestVistaComiteGrouping" name="test_vista_comite_individual_mode" time="0.546" /><testcase classname="tests.test_grupos_informes.TestVistaComiteGrouping" name="test_vista_comite_group_mode" time="0.587" /><testcase classname="tests.test_grupos_informes.TestVistaComiteGrouping" name="test_vista_comite_group_mode_has_es_grupo_true" time="0.564" /><testcase classname="tests.test_grupos_informes.TestVistaComiteGrouping" name="test_vista_comite_empty_params" time="0.426" /><testcase classname="tests.test_grupos_informes.TestGruposInformesValidation" name="test_informe_cannot_be_in_multiple_groups" time="0.823" /></testsuite></testsuites>