<?xml version="1.0" encoding="utf-8"?><testsuites name="pytest tests"><testsuite name="pytest" errors="0" failures="0" skipped="0" tests="21" time="83.821" timestamp="2026-04-16T16:00:26.083476+00:00" hostname="agent-env-3f530132-2f7a-42fe-9e3d-34ef6529a020"><testcase classname="backend.tests.test_iteration7_features.TestBulkDeleteVulnerabilidades" name="test_bulk_delete_requires_auth" time="57.585" /><testcase classname="backend.tests.test_iteration7_features.TestBulkDeleteVulnerabilidades" name="test_bulk_delete_empty_ids_fails" time="0.555" /><testcase classname="backend.tests.test_iteration7_features.TestBulkDeleteVulnerabilidades" name="test_bulk_delete_creates_and_deletes_vulnerabilities" time="1.010" /><testcase classname="backend.tests.test_iteration7_features.TestBulkDeleteVulnerabilidades" name="test_bulk_delete_registers_in_audit_log" time="0.431" /><testcase classname="backend.tests.test_iteration7_features.TestExcelImportAutoCatalog" name="test_excel_import_requires_auth" time="0.130" /><testcase classname="backend.tests.test_iteration7_features.TestExcelImportAutoCatalog" name="test_excel_import_rejects_non_excel_file" time="0.112" /><testcase classname="backend.tests.test_iteration7_features.TestExcelImportAutoCatalog" name="test_excel_import_auto_creates_catalogs" time="1.964" /><testcase classname="backend.tests.test_iteration7_features.TestExcelImportAutoCatalog" name="test_excel_import_case_insensitive_matching" time="0.335" /><testcase classname="backend.tests.test_iteration7_features.TestUsuarioAuditoriaPermissions" name="test_create_user_with_auditoria_permission" time="0.375" /><testcase classname="backend.tests.test_iteration7_features.TestUsuarioAuditoriaPermissions" name="test_update_user_auditoria_permission" time="0.265" /><testcase classname="backend.tests.test_iteration7_features.TestHistorialAuditoria" name="test_historial_requires_admin" time="0.129" /><testcase classname="backend.tests.test_iteration7_features.TestHistorialAuditoria" name="test_historial_filter_by_entidad" time="0.117" /><testcase classname="backend.tests.test_iteration7_features.TestHistorialAuditoria" name="test_historial_filter_by_accion" time="0.135" /><testcase classname="backend.tests.test_iteration7_features.TestRegressionMainEndpoints" name="test_login_works" time="0.352" /><testcase classname="backend.tests.test_iteration7_features.TestRegressionMainEndpoints" name="test_get_vulnerabilidades" time="0.177" /><testcase classname="backend.tests.test_iteration7_features.TestRegressionMainEndpoints" name="test_get_dashboard_stats" time="0.137" /><testcase classname="backend.tests.test_iteration7_features.TestRegressionMainEndpoints" name="test_get_dropdown_options" time="0.131" /><testcase classname="backend.tests.test_iteration7_features.TestRegressionMainEndpoints" name="test_bulk_update_works" time="0.373" /><testcase classname="backend.tests.test_iteration7_features.TestCleanup" name="test_cleanup_test_vulnerabilities" time="17.827" /><testcase classname="backend.tests.test_iteration7_features.TestCleanup" name="test_cleanup_test_catalogs" time="1.295" /><testcase classname="backend.tests.test_iteration7_features.TestCleanup" name="test_cleanup_test_users" time="0.259" /></testsuite></testsuites>