<?xml version="1.0" encoding="utf-8"?><testsuites name="pytest tests"><testsuite name="pytest" errors="0" failures="0" skipped="1" tests="17" time="8.596" timestamp="2026-04-21T13:04:42.280128+00:00" hostname="agent-env-3f530132-2f7a-42fe-9e3d-34ef6529a020"><testcase classname="tests.test_notificaciones.TestNotificationEndpoints" name="test_get_notificacion_config_requires_auth" time="0.548" /><testcase classname="tests.test_notificaciones.TestNotificationEndpoints" name="test_get_notificacion_config_success" time="0.405" /><testcase classname="tests.test_notificaciones.TestNotificationEndpoints" name="test_update_notificacion_config_requires_auth" time="0.530" /><testcase classname="tests.test_notificaciones.TestNotificationEndpoints" name="test_update_notificacion_config_success" time="0.533" /><testcase classname="tests.test_notificaciones.TestNotificationEndpoints" name="test_update_notificacion_config_partial_update" time="0.455" /><testcase classname="tests.test_notificaciones.TestNotificationEndpoints" name="test_smtp_test_requires_auth" time="0.490" /><testcase classname="tests.test_notificaciones.TestNotificationEndpoints" name="test_smtp_test_fails_without_config" time="0.626" /><testcase classname="tests.test_notificaciones.TestNotificationEndpoints" name="test_send_test_email_requires_auth" time="0.475" /><testcase classname="tests.test_notificaciones.TestNotificationEndpoints" name="test_send_test_email_fails_without_valid_smtp" time="0.540" /><testcase classname="tests.test_notificaciones.TestNotificationEndpoints" name="test_ejecutar_notificaciones_requires_auth" time="0.453" /><testcase classname="tests.test_notificaciones.TestNotificationEndpoints" name="test_ejecutar_notificaciones_fails_when_disabled" time="0.473" /><testcase classname="tests.test_notificaciones.TestNotificationEndpoints" name="test_ejecutar_notificaciones_fails_without_smtp" time="0.584" /><testcase classname="tests.test_notificaciones.TestNotificationEndpoints" name="test_resumen_semanal_requires_auth" time="0.511" /><testcase classname="tests.test_notificaciones.TestNotificationEndpoints" name="test_resumen_semanal_fails_when_disabled" time="0.486" /><testcase classname="tests.test_notificaciones.TestNotificationConfigValidation" name="test_config_preserves_password_on_masked_update" time="0.549" /><testcase classname="tests.test_notificaciones.TestNotificationConfigValidation" name="test_alertas_config_structure" time="0.488" /><testcase classname="tests.test_notificaciones.TestNonAdminAccess" name="test_non_admin_cannot_access_config" time="0.330"><skipped type="pytest.skip" message="Non-admin user sfernandez not available for testing">/app/backend/tests/test_notificaciones.py:283: Non-admin user sfernandez not available for testing</skipped></testcase></testsuite></testsuites>