<?xml version="1.0" encoding="utf-8"?><testsuites name="pytest tests"><testsuite name="pytest" errors="0" failures="0" skipped="0" tests="12" time="5.441" timestamp="2026-05-28T19:54:51.811092+00:00" hostname="agent-env-3f530132-2f7a-42fe-9e3d-34ef6529a020"><testcase classname="backend.tests.test_notificaciones_unified.TestUnifiedNotificationConfig" name="test_get_notificacion_config_returns_correct_structure" time="0.476" /><testcase classname="backend.tests.test_notificaciones_unified.TestUnifiedNotificationConfig" name="test_update_notificacion_config_success" time="0.475" /><testcase classname="backend.tests.test_notificaciones_unified.TestUnifiedNotificationExecution" name="test_ejecutar_notificaciones_fails_when_disabled" time="0.470" /><testcase classname="backend.tests.test_notificaciones_unified.TestUnifiedNotificationExecution" name="test_resumen_semanal_fails_when_disabled" time="0.457" /><testcase classname="backend.tests.test_notificaciones_unified.TestHallazgosAuditoriaCollection" name="test_hallazgos_auditoria_endpoint_exists" time="0.427" /><testcase classname="backend.tests.test_notificaciones_unified.TestHallazgosAuditoriaCollection" name="test_hallazgos_have_required_fields_for_notifications" time="0.410" /><testcase classname="backend.tests.test_notificaciones_unified.TestVulnerabilidadesCollection" name="test_vulnerabilidades_endpoint_exists" time="0.481" /><testcase classname="backend.tests.test_notificaciones_unified.TestVulnerabilidadesCollection" name="test_vulnerabilidades_have_required_fields_for_notifications" time="0.404" /><testcase classname="backend.tests.test_notificaciones_unified.TestResponsablesForNotifications" name="test_responsables_endpoint_exists" time="0.399" /><testcase classname="backend.tests.test_notificaciones_unified.TestSendTestEmailWithHallazgo" name="test_send_test_email_endpoint_exists" time="0.580" /><testcase classname="backend.tests.test_notificaciones_unified.TestSeguimientoEndpointsForNotifications" name="test_seguimiento_riesgos_resumen_exists" time="0.401" /><testcase classname="backend.tests.test_notificaciones_unified.TestSeguimientoEndpointsForNotifications" name="test_hallazgos_seguimiento_resumen_exists" time="0.401" /></testsuite></testsuites>