<?xml version="1.0" encoding="utf-8"?><testsuites name="pytest tests"><testsuite name="pytest" errors="0" failures="0" skipped="0" tests="22" time="78.679" timestamp="2026-06-30T20:32:52.988795+00:00" hostname="agent-env-3f530132-2f7a-42fe-9e3d-34ef6529a020"><testcase classname="backend.tests.test_delete_justification_config.TestConfigDeleteJustification" name="test_missing_justificacion_returns_422[institucion-/config/instituciones-&lt;lambda&gt;-/config/instituciones/{id}]" time="0.773" /><testcase classname="backend.tests.test_delete_justification_config.TestConfigDeleteJustification" name="test_missing_justificacion_returns_422[aplicacion-/config/aplicaciones-&lt;lambda&gt;-/config/aplicaciones/{id}]" time="0.342" /><testcase classname="backend.tests.test_delete_justification_config.TestConfigDeleteJustification" name="test_missing_justificacion_returns_422[proveedor-/config/proveedores-&lt;lambda&gt;-/config/proveedores/{id}]" time="0.364" /><testcase classname="backend.tests.test_delete_justification_config.TestConfigDeleteJustification" name="test_missing_justificacion_returns_422[responsable-/config/responsables-&lt;lambda&gt;-/config/responsables/{id}]" time="0.359" /><testcase classname="backend.tests.test_delete_justification_config.TestConfigDeleteJustification" name="test_missing_justificacion_returns_422[informe-/config/informes-pentest-&lt;lambda&gt;-/config/informes-pentest/{id}]" time="0.487" /><testcase classname="backend.tests.test_delete_justification_config.TestConfigDeleteJustification" name="test_missing_justificacion_returns_422[grupo-/config/grupos-informes-&lt;lambda&gt;-/config/grupos-informes/{id}]" time="0.314" /><testcase classname="backend.tests.test_delete_justification_config.TestConfigDeleteJustification" name="test_short_justificacion_returns_422[institucion-/config/instituciones-&lt;lambda&gt;-/config/instituciones/{id}]" time="0.313" /><testcase classname="backend.tests.test_delete_justification_config.TestConfigDeleteJustification" name="test_short_justificacion_returns_422[aplicacion-/config/aplicaciones-&lt;lambda&gt;-/config/aplicaciones/{id}]" time="0.369" /><testcase classname="backend.tests.test_delete_justification_config.TestConfigDeleteJustification" name="test_short_justificacion_returns_422[proveedor-/config/proveedores-&lt;lambda&gt;-/config/proveedores/{id}]" time="0.312" /><testcase classname="backend.tests.test_delete_justification_config.TestConfigDeleteJustification" name="test_short_justificacion_returns_422[responsable-/config/responsables-&lt;lambda&gt;-/config/responsables/{id}]" time="0.304" /><testcase classname="backend.tests.test_delete_justification_config.TestConfigDeleteJustification" name="test_short_justificacion_returns_422[informe-/config/informes-pentest-&lt;lambda&gt;-/config/informes-pentest/{id}]" time="0.321" /><testcase classname="backend.tests.test_delete_justification_config.TestConfigDeleteJustification" name="test_short_justificacion_returns_422[grupo-/config/grupos-informes-&lt;lambda&gt;-/config/grupos-informes/{id}]" time="0.377" /><testcase classname="backend.tests.test_delete_justification_config.TestConfigDeleteJustification" name="test_valid_justificacion_returns_200[institucion-/config/instituciones-&lt;lambda&gt;-/config/instituciones/{id}]" time="0.214" /><testcase classname="backend.tests.test_delete_justification_config.TestConfigDeleteJustification" name="test_valid_justificacion_returns_200[aplicacion-/config/aplicaciones-&lt;lambda&gt;-/config/aplicaciones/{id}]" time="0.215" /><testcase classname="backend.tests.test_delete_justification_config.TestConfigDeleteJustification" name="test_valid_justificacion_returns_200[proveedor-/config/proveedores-&lt;lambda&gt;-/config/proveedores/{id}]" time="0.259" /><testcase classname="backend.tests.test_delete_justification_config.TestConfigDeleteJustification" name="test_valid_justificacion_returns_200[responsable-/config/responsables-&lt;lambda&gt;-/config/responsables/{id}]" time="0.220" /><testcase classname="backend.tests.test_delete_justification_config.TestConfigDeleteJustification" name="test_valid_justificacion_returns_200[informe-/config/informes-pentest-&lt;lambda&gt;-/config/informes-pentest/{id}]" time="0.238" /><testcase classname="backend.tests.test_delete_justification_config.TestConfigDeleteJustification" name="test_valid_justificacion_returns_200[grupo-/config/grupos-informes-&lt;lambda&gt;-/config/grupos-informes/{id}]" time="0.207" /><testcase classname="backend.tests.test_delete_justification_config.TestUsuarioDeleteJustification" name="test_user_delete_without_justificacion" time="0.551" /><testcase classname="backend.tests.test_delete_justification_config.TestUsuarioDeleteJustification" name="test_user_delete_with_justificacion" time="0.449" /><testcase classname="backend.tests.test_delete_justification_config.TestDominiosControlesDelete" name="test_dominio_delete_missing_justificacion" time="0.602" /><testcase classname="backend.tests.test_delete_justification_config.TestDominiosControlesDelete" name="test_control_delete_lifecycle" time="71.020" /></testsuite></testsuites>