<?xml version="1.0" encoding="utf-8"?><testsuites name="pytest tests"><testsuite name="pytest" errors="0" failures="1" skipped="0" tests="8" time="2.077" timestamp="2026-07-20T12:34:51.152754+00:00" hostname="agent-env-3f530132-2f7a-42fe-9e3d-34ef6529a020"><testcase classname="backend.tests.test_iteration32_en_retest.TestNormalizationEnRetest" name="test_registrar_seguimiento_en_retest_stored_as_para_re_test" time="0.626"><failure message="AssertionError: CRITICAL: POST /seguimiento/{id}/registrar rejects 'En Retest': 422 {&quot;detail&quot;:[{&quot;type&quot;:&quot;literal_error&quot;,&quot;loc&quot;:[&quot;body&quot;,&quot;resultado_retest&quot;],&quot;msg&quot;:&quot;Input should be 'Corregido', 'Pendiente', 'Impedimento', 'Vulnerable', 'Desestimado', 'Para Re Test' or 'Nota de Seguimiento'&quot;,&quot;input&quot;:&quot;En Retest&quot;,&quot;ctx&quot;:{&quot;expected&quot;:&quot;'Corregido', 'Pendiente', 'Impedimento', 'Vulnerable', 'Desestimado', 'Para Re Test' or 'Nota de Seguimiento'&quot;},&quot;url&quot;:&quot;https://errors.pydantic.dev/2.12/v/literal_error&quot;}]}&#10;assert 422 == 200&#10; +  where 422 = &lt;Response [422]&gt;.status_code">backend/tests/test_iteration32_en_retest.py:78: in test_registrar_seguimiento_en_retest_stored_as_para_re_test
    assert r.status_code == 200, f"CRITICAL: POST /seguimiento/{{id}}/registrar rejects 'En Retest': {r.status_code} {r.text}"
E   AssertionError: CRITICAL: POST /seguimiento/{id}/registrar rejects 'En Retest': 422 {"detail":[{"type":"literal_error","loc":["body","resultado_retest"],"msg":"Input should be 'Corregido', 'Pendiente', 'Impedimento', 'Vulnerable', 'Desestimado', 'Para Re Test' or 'Nota de Seguimiento'","input":"En Retest","ctx":{"expected":"'Corregido', 'Pendiente', 'Impedimento', 'Vulnerable', 'Desestimado', 'Para Re Test' or 'Nota de Seguimiento'"},"url":"https://errors.pydantic.dev/2.12/v/literal_error"}]}
E   assert 422 == 200
E    +  where 422 = &lt;Response [422]&gt;.status_code</failure></testcase><testcase classname="backend.tests.test_iteration32_en_retest.TestNormalizationEnRetest" name="test_registrar_seguimiento_para_re_test_still_works" time="0.181" /><testcase classname="backend.tests.test_iteration32_en_retest.TestNormalizationEnRetest" name="test_update_vuln_en_retest_normalizes_to_para_re_test" time="0.175" /><testcase classname="backend.tests.test_iteration32_en_retest.TestFilterResultadoRetest" name="test_filter_en_retest_returns_para_re_test_records" time="0.181" /><testcase classname="backend.tests.test_iteration32_en_retest.TestFilterResultadoRetest" name="test_filter_para_re_test_still_works" time="0.234" /><testcase classname="backend.tests.test_iteration32_en_retest.TestReaperturaAutomatica" name="test_reabrir_vuln_cerrada_agrega_nota_automatica" time="0.281" /><testcase classname="backend.tests.test_iteration32_en_retest.TestReaperturaAutomatica" name="test_reabrir_con_en_retest_tambien_agrega_nota" time="0.271" /><testcase classname="backend.tests.test_iteration32_en_retest.TestDashboardStatsPaRetest" name="test_dashboard_stats_endpoint_works" time="0.049" /></testsuite></testsuites>