<?xml version="1.0" encoding="utf-8"?><testsuites name="pytest tests"><testsuite name="pytest" errors="0" failures="0" skipped="0" tests="8" time="1.866" timestamp="2026-05-28T20:08:25.282820+00:00" hostname="agent-env-3f530132-2f7a-42fe-9e3d-34ef6529a020"><testcase classname="backend.tests.test_iteration18_features.TestVulnerabilidadesEnrichment" name="test_vulnerabilidades_returns_nombre_dominio_field" time="0.489" /><testcase classname="backend.tests.test_iteration18_features.TestVulnerabilidadesEnrichment" name="test_vulnerabilidades_returns_codigo_control_field" time="0.121" /><testcase classname="backend.tests.test_iteration18_features.TestVulnerabilidadesEnrichment" name="test_vulnerabilidades_enrichment_with_control" time="0.596" /><testcase classname="backend.tests.test_iteration18_features.TestHallazgosAuditoria" name="test_hallazgos_endpoint_returns_data" time="0.114" /><testcase classname="backend.tests.test_iteration18_features.TestHallazgosAuditoria" name="test_hallazgos_returns_nombre_dominio_field" time="0.134" /><testcase classname="backend.tests.test_iteration18_features.TestHallazgosAuditoria" name="test_hallazgos_returns_codigo_control_field" time="0.121" /><testcase classname="backend.tests.test_iteration18_features.TestDominiosEndpoint" name="test_dominios_endpoint_returns_list" time="0.110" /><testcase classname="backend.tests.test_iteration18_features.TestControlesEndpoint" name="test_controles_endpoint_returns_list" time="0.123" /></testsuite></testsuites>